Analysis & Synthesis report for t1c_pulse_gen_detect
Mon Oct 16 13:37:24 2023
Quartus Prime Version 20.1.1 Build 720 11/11/2020 SJ Lite Edition


---------------------
; Table of Contents ;
---------------------
  1. Legal Notice
  2. Analysis & Synthesis Summary
  3. Analysis & Synthesis Settings
  4. Parallel Compilation
  5. Analysis & Synthesis Source Files Read
  6. Analysis & Synthesis Resource Usage Summary
  7. Analysis & Synthesis Resource Utilization by Entity
  8. General Register Statistics
  9. Inverted Register Statistics
 10. Multiplexer Restructuring Statistics (Restructuring Performed)
 11. Post-Synthesis Netlist Statistics for Top Partition
 12. Elapsed Time Per Partition
 13. Analysis & Synthesis Messages
 14. Analysis & Synthesis Suppressed Messages



----------------
; Legal Notice ;
----------------
Copyright (C) 2020  Intel Corporation. All rights reserved.
Your use of Intel Corporation's design tools, logic functions 
and other software and tools, and any partner logic 
functions, and any output files from any of the foregoing 
(including device programming or simulation files), and any 
associated documentation or information are expressly subject 
to the terms and conditions of the Intel Program License 
Subscription Agreement, the Intel Quartus Prime License Agreement,
the Intel FPGA IP License Agreement, or other applicable license
agreement, including, without limitation, that your use is for
the sole purpose of programming logic devices manufactured by
Intel and sold by Intel or its authorized distributors.  Please
refer to the applicable agreement for further details, at
https://fpgasoftware.intel.com/eula.



+----------------------------------------------------------------------------------+
; Analysis & Synthesis Summary                                                     ;
+------------------------------------+---------------------------------------------+
; Analysis & Synthesis Status        ; Successful - Mon Oct 16 13:37:24 2023       ;
; Quartus Prime Version              ; 20.1.1 Build 720 11/11/2020 SJ Lite Edition ;
; Revision Name                      ; t1c_pulse_gen_detect                        ;
; Top-level Entity Name              ; t1c_pulse_gen_detect                        ;
; Family                             ; Cyclone IV E                                ;
; Total logic elements               ; 126                                         ;
;     Total combinational functions  ; 126                                         ;
;     Dedicated logic registers      ; 49                                          ;
; Total registers                    ; 49                                          ;
; Total pins                         ; 29                                          ;
; Total virtual pins                 ; 0                                           ;
; Total memory bits                  ; 0                                           ;
; Embedded Multiplier 9-bit elements ; 0                                           ;
; Total PLLs                         ; 0                                           ;
+------------------------------------+---------------------------------------------+


+----------------------------------------------------------------------------------------------------------------+
; Analysis & Synthesis Settings                                                                                  ;
+------------------------------------------------------------------+----------------------+----------------------+
; Option                                                           ; Setting              ; Default Value        ;
+------------------------------------------------------------------+----------------------+----------------------+
; Device                                                           ; EP4CE22F17C6         ;                      ;
; Top-level entity name                                            ; t1c_pulse_gen_detect ; t1c_pulse_gen_detect ;
; Family name                                                      ; Cyclone IV E         ; Cyclone V            ;
; Use smart compilation                                            ; Off                  ; Off                  ;
; Enable parallel Assembler and Timing Analyzer during compilation ; On                   ; On                   ;
; Enable compact report table                                      ; Off                  ; Off                  ;
; Restructure Multiplexers                                         ; Auto                 ; Auto                 ;
; Create Debugging Nodes for IP Cores                              ; Off                  ; Off                  ;
; Preserve fewer node names                                        ; On                   ; On                   ;
; Intel FPGA IP Evaluation Mode                                    ; Enable               ; Enable               ;
; Verilog Version                                                  ; Verilog_2001         ; Verilog_2001         ;
; VHDL Version                                                     ; VHDL_1993            ; VHDL_1993            ;
; State Machine Processing                                         ; Auto                 ; Auto                 ;
; Safe State Machine                                               ; Off                  ; Off                  ;
; Extract Verilog State Machines                                   ; On                   ; On                   ;
; Extract VHDL State Machines                                      ; On                   ; On                   ;
; Ignore Verilog initial constructs                                ; Off                  ; Off                  ;
; Iteration limit for constant Verilog loops                       ; 5000                 ; 5000                 ;
; Iteration limit for non-constant Verilog loops                   ; 250                  ; 250                  ;
; Add Pass-Through Logic to Inferred RAMs                          ; On                   ; On                   ;
; Infer RAMs from Raw Logic                                        ; On                   ; On                   ;
; Parallel Synthesis                                               ; On                   ; On                   ;
; DSP Block Balancing                                              ; Auto                 ; Auto                 ;
; NOT Gate Push-Back                                               ; On                   ; On                   ;
; Power-Up Don't Care                                              ; On                   ; On                   ;
; Remove Redundant Logic Cells                                     ; Off                  ; Off                  ;
; Remove Duplicate Registers                                       ; On                   ; On                   ;
; Ignore CARRY Buffers                                             ; Off                  ; Off                  ;
; Ignore CASCADE Buffers                                           ; Off                  ; Off                  ;
; Ignore GLOBAL Buffers                                            ; Off                  ; Off                  ;
; Ignore ROW GLOBAL Buffers                                        ; Off                  ; Off                  ;
; Ignore LCELL Buffers                                             ; Off                  ; Off                  ;
; Ignore SOFT Buffers                                              ; On                   ; On                   ;
; Limit AHDL Integers to 32 Bits                                   ; Off                  ; Off                  ;
; Optimization Technique                                           ; Balanced             ; Balanced             ;
; Carry Chain Length                                               ; 70                   ; 70                   ;
; Auto Carry Chains                                                ; On                   ; On                   ;
; Auto Open-Drain Pins                                             ; On                   ; On                   ;
; Perform WYSIWYG Primitive Resynthesis                            ; Off                  ; Off                  ;
; Auto ROM Replacement                                             ; On                   ; On                   ;
; Auto RAM Replacement                                             ; On                   ; On                   ;
; Auto DSP Block Replacement                                       ; On                   ; On                   ;
; Auto Shift Register Replacement                                  ; Auto                 ; Auto                 ;
; Allow Shift Register Merging across Hierarchies                  ; Auto                 ; Auto                 ;
; Auto Clock Enable Replacement                                    ; On                   ; On                   ;
; Strict RAM Replacement                                           ; Off                  ; Off                  ;
; Allow Synchronous Control Signals                                ; On                   ; On                   ;
; Force Use of Synchronous Clear Signals                           ; Off                  ; Off                  ;
; Auto RAM Block Balancing                                         ; On                   ; On                   ;
; Auto RAM to Logic Cell Conversion                                ; Off                  ; Off                  ;
; Auto Resource Sharing                                            ; Off                  ; Off                  ;
; Allow Any RAM Size For Recognition                               ; Off                  ; Off                  ;
; Allow Any ROM Size For Recognition                               ; Off                  ; Off                  ;
; Allow Any Shift Register Size For Recognition                    ; Off                  ; Off                  ;
; Use LogicLock Constraints during Resource Balancing              ; On                   ; On                   ;
; Ignore translate_off and synthesis_off directives                ; Off                  ; Off                  ;
; Timing-Driven Synthesis                                          ; On                   ; On                   ;
; Report Parameter Settings                                        ; On                   ; On                   ;
; Report Source Assignments                                        ; On                   ; On                   ;
; Report Connectivity Checks                                       ; On                   ; On                   ;
; Ignore Maximum Fan-Out Assignments                               ; Off                  ; Off                  ;
; Synchronization Register Chain Length                            ; 2                    ; 2                    ;
; Power Optimization During Synthesis                              ; Normal compilation   ; Normal compilation   ;
; HDL message level                                                ; Level2               ; Level2               ;
; Suppress Register Optimization Related Messages                  ; Off                  ; Off                  ;
; Number of Removed Registers Reported in Synthesis Report         ; 5000                 ; 5000                 ;
; Number of Swept Nodes Reported in Synthesis Report               ; 5000                 ; 5000                 ;
; Number of Inverted Registers Reported in Synthesis Report        ; 100                  ; 100                  ;
; Clock MUX Protection                                             ; On                   ; On                   ;
; Auto Gated Clock Conversion                                      ; Off                  ; Off                  ;
; Block Design Naming                                              ; Auto                 ; Auto                 ;
; SDC constraint protection                                        ; Off                  ; Off                  ;
; Synthesis Effort                                                 ; Auto                 ; Auto                 ;
; Shift Register Replacement - Allow Asynchronous Clear Signal     ; On                   ; On                   ;
; Pre-Mapping Resynthesis Optimization                             ; Off                  ; Off                  ;
; Analysis & Synthesis Message Level                               ; Medium               ; Medium               ;
; Disable Register Merging Across Hierarchies                      ; Auto                 ; Auto                 ;
; Resource Aware Inference For Block RAM                           ; On                   ; On                   ;
+------------------------------------------------------------------+----------------------+----------------------+


+------------------------------------------+
; Parallel Compilation                     ;
+----------------------------+-------------+
; Processors                 ; Number      ;
+----------------------------+-------------+
; Number detected on machine ; 8           ;
; Maximum allowed            ; 4           ;
;                            ;             ;
; Average used               ; 1.00        ;
; Maximum used               ; 4           ;
;                            ;             ;
; Usage by Processor         ; % Time Used ;
;     Processor 1            ; 100.0%      ;
;     Processors 2-4         ;   0.0%      ;
+----------------------------+-------------+


+-------------------------------------------------------------------------------------------------------------------------------------------------------+
; Analysis & Synthesis Source Files Read                                                                                                                ;
+----------------------------------+-----------------+------------------------+---------------------------------------------------------------+---------+
; File Name with User-Entered Path ; Used in Netlist ; File Type              ; File Name with Absolute Path                                  ; Library ;
+----------------------------------+-----------------+------------------------+---------------------------------------------------------------+---------+
; t1c_pulse_gen_detect.v           ; yes             ; User Verilog HDL File  ; D:/ab#1296_Task1C/t1c_pulse_gen_detect/t1c_pulse_gen_detect.v ;         ;
+----------------------------------+-----------------+------------------------+---------------------------------------------------------------+---------+


+-------------------------------------------------------------+
; Analysis & Synthesis Resource Usage Summary                 ;
+---------------------------------------------+---------------+
; Resource                                    ; Usage         ;
+---------------------------------------------+---------------+
; Estimated Total logic elements              ; 126           ;
;                                             ;               ;
; Total combinational functions               ; 126           ;
; Logic element usage by number of LUT inputs ;               ;
;     -- 4 input functions                    ; 74            ;
;     -- 3 input functions                    ; 4             ;
;     -- <=2 input functions                  ; 48            ;
;                                             ;               ;
; Logic elements by mode                      ;               ;
;     -- normal mode                          ; 83            ;
;     -- arithmetic mode                      ; 43            ;
;                                             ;               ;
; Total registers                             ; 49            ;
;     -- Dedicated logic registers            ; 49            ;
;     -- I/O registers                        ; 0             ;
;                                             ;               ;
; I/O pins                                    ; 29            ;
;                                             ;               ;
; Embedded Multiplier 9-bit elements          ; 0             ;
;                                             ;               ;
; Maximum fan-out node                        ; clk_50M~input ;
; Maximum fan-out                             ; 49            ;
; Total fan-out                               ; 648           ;
; Average fan-out                             ; 2.78          ;
+---------------------------------------------+---------------+


+---------------------------------------------------------------------------------------------------------------------------------------------------------------------------------------------------------------------+
; Analysis & Synthesis Resource Utilization by Entity                                                                                                                                                                 ;
+----------------------------+---------------------+---------------------------+-------------+--------------+---------+-----------+------+--------------+-----------------------+----------------------+--------------+
; Compilation Hierarchy Node ; Combinational ALUTs ; Dedicated Logic Registers ; Memory Bits ; DSP Elements ; DSP 9x9 ; DSP 18x18 ; Pins ; Virtual Pins ; Full Hierarchy Name   ; Entity Name          ; Library Name ;
+----------------------------+---------------------+---------------------------+-------------+--------------+---------+-----------+------+--------------+-----------------------+----------------------+--------------+
; |t1c_pulse_gen_detect      ; 126 (126)           ; 49 (49)                   ; 0           ; 0            ; 0       ; 0         ; 29   ; 0            ; |t1c_pulse_gen_detect ; t1c_pulse_gen_detect ; work         ;
+----------------------------+---------------------+---------------------------+-------------+--------------+---------+-----------+------+--------------+-----------------------+----------------------+--------------+
Note: For table entries with two numbers listed, the numbers in parentheses indicate the number of resources of the given type used by the specific entity alone. The numbers listed outside of parentheses indicate the total resources of the given type used by the specific entity and all of its sub-entities in the hierarchy.


+------------------------------------------------------+
; General Register Statistics                          ;
+----------------------------------------------+-------+
; Statistic                                    ; Value ;
+----------------------------------------------+-------+
; Total registers                              ; 49    ;
; Number of registers using Synchronous Clear  ; 0     ;
; Number of registers using Synchronous Load   ; 0     ;
; Number of registers using Asynchronous Clear ; 49    ;
; Number of registers using Asynchronous Load  ; 0     ;
; Number of registers using Clock Enable       ; 44    ;
; Number of registers using Preset             ; 0     ;
+----------------------------------------------+-------+


+--------------------------------------------------+
; Inverted Register Statistics                     ;
+----------------------------------------+---------+
; Inverted Register                      ; Fan out ;
+----------------------------------------+---------+
; pulses[0]~reg0                         ; 4       ;
; Total number of inverted registers = 1 ;         ;
+----------------------------------------+---------+


+-------------------------------------------------------------------------------------------------------------------------------------------------------+
; Multiplexer Restructuring Statistics (Restructuring Performed)                                                                                        ;
+--------------------+-----------+---------------+----------------------+------------------------+------------+-----------------------------------------+
; Multiplexer Inputs ; Bus Width ; Baseline Area ; Area if Restructured ; Saving if Restructured ; Registered ; Example Multiplexer Output              ;
+--------------------+-----------+---------------+----------------------+------------------------+------------+-----------------------------------------+
; 3:1                ; 21 bits   ; 42 LEs        ; 21 LEs               ; 21 LEs                 ; Yes        ; |t1c_pulse_gen_detect|pulses[5]~reg0    ;
; 7:1                ; 2 bits    ; 8 LEs         ; 4 LEs                ; 4 LEs                  ; Yes        ; |t1c_pulse_gen_detect|state[1]~reg0     ;
; 7:1                ; 23 bits   ; 92 LEs        ; 46 LEs               ; 46 LEs                 ; Yes        ; |t1c_pulse_gen_detect|delay_counter[22] ;
+--------------------+-----------+---------------+----------------------+------------------------+------------+-----------------------------------------+


+-----------------------------------------------------+
; Post-Synthesis Netlist Statistics for Top Partition ;
+-----------------------+-----------------------------+
; Type                  ; Count                       ;
+-----------------------+-----------------------------+
; boundary_port         ; 29                          ;
; cycloneiii_ff         ; 49                          ;
;     CLR               ; 5                           ;
;     ENA CLR           ; 44                          ;
; cycloneiii_lcell_comb ; 127                         ;
;     arith             ; 43                          ;
;         2 data inputs ; 43                          ;
;     normal            ; 84                          ;
;         1 data inputs ; 3                           ;
;         2 data inputs ; 3                           ;
;         3 data inputs ; 4                           ;
;         4 data inputs ; 74                          ;
;                       ;                             ;
; Max LUT depth         ; 8.10                        ;
; Average LUT depth     ; 5.14                        ;
+-----------------------+-----------------------------+


+-------------------------------+
; Elapsed Time Per Partition    ;
+----------------+--------------+
; Partition Name ; Elapsed Time ;
+----------------+--------------+
; Top            ; 00:00:00     ;
+----------------+--------------+


+-------------------------------+
; Analysis & Synthesis Messages ;
+-------------------------------+
Info: *******************************************************************
Info: Running Quartus Prime Analysis & Synthesis
    Info: Version 20.1.1 Build 720 11/11/2020 SJ Lite Edition
    Info: Processing started: Mon Oct 16 13:37:16 2023
Info: Command: quartus_map --read_settings_files=on --write_settings_files=off t1c_pulse_gen_detect -c t1c_pulse_gen_detect
Warning (18236): Number of processors has not been specified which may cause overloading on shared machines.  Set the global assignment NUM_PARALLEL_PROCESSORS in your QSF to an appropriate value for best performance.
Info (20030): Parallel compilation is enabled and will use 4 of the 4 processors detected
Info (12021): Found 1 design units, including 1 entities, in source file t1c_pulse_gen_detect.v
    Info (12023): Found entity 1: t1c_pulse_gen_detect File: D:/ab#1296_Task1C/t1c_pulse_gen_detect/t1c_pulse_gen_detect.v Line: 21
Info (12127): Elaborating entity "t1c_pulse_gen_detect" for the top level hierarchy
Warning (10230): Verilog HDL assignment warning at t1c_pulse_gen_detect.v(47): truncated value with size 23 to match size of target (22) File: D:/ab#1296_Task1C/t1c_pulse_gen_detect/t1c_pulse_gen_detect.v Line: 47
Warning (10230): Verilog HDL assignment warning at t1c_pulse_gen_detect.v(57): truncated value with size 32 to match size of target (23) File: D:/ab#1296_Task1C/t1c_pulse_gen_detect/t1c_pulse_gen_detect.v Line: 57
Warning (10230): Verilog HDL assignment warning at t1c_pulse_gen_detect.v(67): truncated value with size 32 to match size of target (23) File: D:/ab#1296_Task1C/t1c_pulse_gen_detect/t1c_pulse_gen_detect.v Line: 67
Warning (10230): Verilog HDL assignment warning at t1c_pulse_gen_detect.v(77): truncated value with size 32 to match size of target (23) File: D:/ab#1296_Task1C/t1c_pulse_gen_detect/t1c_pulse_gen_detect.v Line: 77
Warning (10230): Verilog HDL assignment warning at t1c_pulse_gen_detect.v(80): truncated value with size 32 to match size of target (22) File: D:/ab#1296_Task1C/t1c_pulse_gen_detect/t1c_pulse_gen_detect.v Line: 80
Info (13000): Registers with preset signals will power-up high File: D:/ab#1296_Task1C/t1c_pulse_gen_detect/t1c_pulse_gen_detect.v Line: 53
Info (13003): DEV_CLRn pin will set, and not reset, register with preset signal due to NOT Gate Push-Back
Info (286030): Timing-Driven Synthesis is running
Critical Warning (18061): Ignored Power-Up Level option on the following registers
    Critical Warning (18010): Register pulses[0]~reg0 will power up to High File: D:/ab#1296_Task1C/t1c_pulse_gen_detect/t1c_pulse_gen_detect.v Line: 53
Info (144001): Generated suppressed messages file D:/ab#1296_Task1C/t1c_pulse_gen_detect/output_files/t1c_pulse_gen_detect.map.smsg
Info (16010): Generating hard_block partition "hard_block:auto_generated_inst"
    Info (16011): Adding 0 node(s), including 0 DDIO, 0 PLL, 0 transceiver and 0 LCELL
Info (21057): Implemented 155 device resources after synthesis - the final resource count might be different
    Info (21058): Implemented 3 input pins
    Info (21059): Implemented 26 output pins
    Info (21061): Implemented 126 logic cells
Info: Quartus Prime Analysis & Synthesis was successful. 0 errors, 8 warnings
    Info: Peak virtual memory: 4760 megabytes
    Info: Processing ended: Mon Oct 16 13:37:24 2023
    Info: Elapsed time: 00:00:08
    Info: Total CPU time (on all processors): 00:00:10


+------------------------------------------+
; Analysis & Synthesis Suppressed Messages ;
+------------------------------------------+
The suppressed messages can be found in D:/ab#1296_Task1C/t1c_pulse_gen_detect/output_files/t1c_pulse_gen_detect.map.smsg.


